{
  "RSpec": {
    "coverage": {
      "/Users/kerrimcmahon/Documents/full-time/pace/test/factories/endorsements.rb": {
        "lines": [
          1,
          1,
          1,
          1,
          1,
          null,
          null
        ]
      },
      "/Users/kerrimcmahon/Documents/full-time/pace/test/factories/meetups.rb": {
        "lines": [
          1,
          1,
          1,
          1,
          1,
          null,
          null
        ]
      },
      "/Users/kerrimcmahon/Documents/full-time/pace/test/factories/reports.rb": {
        "lines": [
          1,
          1,
          1,
          1,
          null,
          null
        ]
      },
      "/Users/kerrimcmahon/Documents/full-time/pace/app/models/user.rb": {
        "lines": [
          null,
          null,
          1,
          null,
          null,
          1,
          null,
          null,
          1,
          1,
          null,
          1,
          2,
          null,
          null,
          null,
          null,
          1,
          null,
          1,
          null,
          1,
          null,
          null
        ]
      },
      "/Users/kerrimcmahon/Documents/full-time/pace/app/models/application_record.rb": {
        "lines": [
          null,
          null,
          1,
          1,
          null
        ]
      },
      "/Users/kerrimcmahon/Documents/full-time/pace/app/helpers/application_helper.rb": {
        "lines": [
          null,
          null,
          1,
          null
        ]
      },
      "/Users/kerrimcmahon/Documents/full-time/pace/app/helpers/endorsements_helper.rb": {
        "lines": [
          1,
          null
        ]
      },
      "/Users/kerrimcmahon/Documents/full-time/pace/app/helpers/meetups_helper.rb": {
        "lines": [
          1,
          null
        ]
      },
      "/Users/kerrimcmahon/Documents/full-time/pace/app/helpers/messages_helper.rb": {
        "lines": [
          1,
          null,
          1,
          null,
          null,
          1,
          2,
          2,
          0,
          null,
          2,
          null,
          null,
          null
        ]
      },
      "/Users/kerrimcmahon/Documents/full-time/pace/app/helpers/reports_helper.rb": {
        "lines": [
          1,
          null
        ]
      },
      "/Users/kerrimcmahon/Documents/full-time/pace/app/helpers/users_helper.rb": {
        "lines": [
          null,
          null,
          1,
          null
        ]
      },
      "/Users/kerrimcmahon/Documents/full-time/pace/app/controllers/users_controller.rb": {
        "lines": [
          null,
          null,
          1,
          1,
          null,
          1,
          51,
          51,
          0,
          0,
          0,
          null,
          0,
          51,
          2,
          null,
          null,
          null,
          1,
          0,
          0,
          0,
          null,
          0,
          null,
          null,
          null,
          1,
          10,
          10,
          10,
          null,
          10,
          10,
          null,
          10,
          10,
          null,
          null,
          null,
          1,
          0,
          null,
          null,
          1,
          null,
          1,
          10,
          null,
          null,
          1,
          0,
          null,
          null,
          null,
          1,
          10,
          10,
          1,
          null,
          10,
          null,
          null,
          1,
          10,
          10,
          1,
          null,
          10,
          null,
          null,
          1,
          10,
          10,
          1,
          null,
          10,
          null,
          null,
          null
        ]
      },
      "/Users/kerrimcmahon/Documents/full-time/pace/app/controllers/application_controller.rb": {
        "lines": [
          null,
          null,
          1,
          null,
          1,
          1,
          1,
          null,
          null,
          49,
          49,
          null,
          null,
          null
        ]
      },
      "/Users/kerrimcmahon/Documents/full-time/pace/app/models/endorsement.rb": {
        "lines": [
          1,
          1,
          null
        ]
      },
      "/Users/kerrimcmahon/Documents/full-time/pace/app/models/report.rb": {
        "lines": [
          1,
          1,
          null
        ]
      },
      "/Users/kerrimcmahon/Documents/full-time/pace/app/controllers/reports_controller.rb": {
        "lines": [
          1,
          null,
          1,
          1,
          1,
          null,
          null,
          1,
          1,
          1,
          null,
          null,
          1,
          null,
          1,
          1,
          null,
          null
        ]
      },
      "/Users/kerrimcmahon/Documents/full-time/pace/app/controllers/conversations_controller.rb": {
        "lines": [
          1,
          1,
          null,
          1,
          1,
          1,
          1,
          0,
          null,
          null,
          1,
          1,
          0,
          null,
          1,
          null,
          1,
          null,
          null,
          1,
          1,
          1,
          null,
          null
        ]
      },
      "/Users/kerrimcmahon/Documents/full-time/pace/app/models/conversation.rb": {
        "lines": [
          1,
          1,
          1,
          1,
          1,
          1,
          1,
          null,
          null
        ]
      },
      "/Users/kerrimcmahon/Documents/full-time/pace/app/controllers/messages_controller.rb": {
        "lines": [
          1,
          1,
          4,
          null,
          null,
          1,
          3,
          3,
          3,
          0,
          null,
          null,
          null,
          1,
          0,
          null,
          null,
          1,
          1,
          1,
          1,
          null,
          null,
          null,
          1,
          null,
          1,
          1,
          null,
          null
        ]
      },
      "/Users/kerrimcmahon/Documents/full-time/pace/app/models/message.rb": {
        "lines": [
          1,
          1,
          1,
          null,
          1,
          null,
          1,
          2,
          null,
          null
        ]
      },
      "/Users/kerrimcmahon/Documents/full-time/pace/app/controllers/endorsements_controller.rb": {
        "lines": [
          1,
          1,
          0,
          0,
          null,
          null,
          1,
          1,
          1,
          null,
          null,
          1,
          0,
          null,
          null,
          1,
          null,
          1,
          1,
          null,
          null
        ]
      }
    },
    "timestamp": 1623775522
  }
}
